c:\users\ghost\desktop\s1\x64\debug\vc143.pdb
c:\users\ghost\desktop\s1\x64\debug\vc143.idb
c:\users\ghost\desktop\s1\x64\debug\main.obj
c:\users\ghost\desktop\s1\x64\debug\uitext.obj
c:\users\ghost\desktop\s1\x64\debug\uiimage.obj
c:\users\ghost\desktop\s1\x64\debug\uielement.obj
c:\users\ghost\desktop\s1\x64\debug\uishape.obj
c:\users\ghost\desktop\s1\x64\debug\gamedata.obj
c:\users\ghost\desktop\s1\x64\debug\sfml1.pdb
c:\users\ghost\desktop\s1\x64\debug\sfml1.tlog\cl.command.1.tlog
c:\users\ghost\desktop\s1\x64\debug\sfml1.tlog\cl.read.1.tlog
c:\users\ghost\desktop\s1\x64\debug\sfml1.tlog\cl.write.1.tlog
c:\users\ghost\desktop\s1\x64\debug\sfml1.tlog\link-cvtres.read.1.tlog
c:\users\ghost\desktop\s1\x64\debug\sfml1.tlog\link-cvtres.write.1.tlog
c:\users\ghost\desktop\s1\x64\debug\sfml1.tlog\link-rc.read.1.tlog
c:\users\ghost\desktop\s1\x64\debug\sfml1.tlog\link-rc.write.1.tlog
c:\users\ghost\desktop\s1\x64\debug\sfml1.tlog\link.17692-cvtres.read.1.tlog
c:\users\ghost\desktop\s1\x64\debug\sfml1.tlog\link.17692-cvtres.write.1.tlog
c:\users\ghost\desktop\s1\x64\debug\sfml1.tlog\link.17692-rc.read.1.tlog
c:\users\ghost\desktop\s1\x64\debug\sfml1.tlog\link.17692-rc.write.1.tlog
c:\users\ghost\desktop\s1\x64\debug\sfml1.tlog\link.17692.read.1.tlog
c:\users\ghost\desktop\s1\x64\debug\sfml1.tlog\link.17692.read.2.tlog
c:\users\ghost\desktop\s1\x64\debug\sfml1.tlog\link.17692.write.1.tlog
c:\users\ghost\desktop\s1\x64\debug\sfml1.tlog\link.command.1.tlog
c:\users\ghost\desktop\s1\x64\debug\sfml1.tlog\link.read.1.tlog
c:\users\ghost\desktop\s1\x64\debug\sfml1.tlog\link.read.2.tlog
c:\users\ghost\desktop\s1\x64\debug\sfml1.tlog\link.write.1.tlog
